info it worked if it ends with ok
verbose cli [ 'node', '/usr/local/bin/npm', 'install' ]
info using npm@1.1.0-3
info using node@v0.6.10
verbose config file /Users/valentinacamacho/.npmrc
verbose config file /usr/local/etc/npmrc
verbose config file /usr/local/lib/node_modules/npm/npmrc
ERR! Couldn't read dependencies.
ERR! Error: Invalid name: "Select a book" may not start with '.' or contain %/@+: or whitespace
ERR!     at /usr/local/lib/node_modules/npm/lib/utils/read-json.js:230:13
ERR!     at /usr/local/lib/node_modules/npm/lib/utils/read-json.js:134:32
ERR!     at P (/usr/local/lib/node_modules/npm/lib/utils/read-json.js:110:40)
ERR!     at [object Object].<anonymous> (fs.js:115:5)
ERR!     at [object Object].emit (events.js:64:17)
ERR!     at afterRead (fs.js:1111:12)
ERR!     at Object.wrapper [as oncomplete] (fs.js:254:17)
ERR! You may report this log at:
ERR!     <http://github.com/isaacs/npm/issues>
ERR! or email it to:
ERR!     <npm-@googlegroups.com>
ERR! 
ERR! System Darwin 11.2.0
ERR! command "node" "/usr/local/bin/npm" "install"
ERR! cwd /Users/valentinacamacho/Sites/dwd/week4-form
ERR! node -v v0.6.10
ERR! npm -v 1.1.0-3
ERR! message Invalid name: "Select a book" may not start with '.' or contain %/@+: or whitespace
verbose exit [ 1, true ]
